\BOOKMARK [1][-]{section*.1}{\376\377\004\020\004\075\004\075\004\076\004\102\004\060\004\106\004\070\004\117}{}% 1
\BOOKMARK [1][-]{section*.2}{\376\377\004\020\004\075\004\075\004\076\004\102\004\060\004\106\004\070\004\117\000\040\000\050\004\100\004\103\004\101\004\101\004\072\004\070\004\071\000\051}{}% 2
\BOOKMARK [1][-]{section*.3}{\376\377\000A\000b\000s\000t\000r\000a\000c\000t\000\040\000\050\000E\000n\000g\000l\000i\000s\000h\000\051}{}% 3
\BOOKMARK [1][-]{section*.5}{\376\377\004\041\004\103\004\100\004\065\004\102\004\102\004\065\004\100\000\040\004\102\004\126\004\067\004\126\004\074\004\126}{}% 4
\BOOKMARK [1][-]{section*.6}{\376\377\004\032\004\065\004\101\004\102\004\065\004\073\004\065\004\100\000\040\004\102\004\126\004\067\004\126\004\074\004\126}{}% 5
\BOOKMARK [1][-]{section.1}{\376\377\004\032\004\126\004\100\004\126\004\101\004\077\004\065}{}% 6
\BOOKMARK [2][-]{subsection.1.1}{\376\377\004\027\004\065\004\100\004\102\004\102\004\065\004\103\004\064\004\126\004\243\000\040\004\351\004\067\004\065\004\072\004\102\004\126\004\073\004\126\004\063\004\126}{section.1}% 7
\BOOKMARK [2][-]{subsection.1.2}{\376\377\004\034\004\331\004\101\004\065\004\073\004\065\000\040\004\233\004\076\004\071\004\113\004\073\004\113\004\074\004\113}{section.1}% 8
\BOOKMARK [2][-]{subsection.1.3}{\376\377\004\027\004\065\004\100\004\102\004\102\004\065\004\103\000\040\004\074\004\060\004\233\004\101\004\060\004\102\004\113\000\040\004\066\004\331\004\075\004\065\000\040\004\074\004\126\004\075\004\064\004\065\004\102\004\102\004\065\004\100\004\126}{section.1}% 9
\BOOKMARK [2][-]{subsection.1.4}{\376\377\004\027\004\065\004\100\004\102\004\102\004\065\004\103\004\064\004\126\004\243\000\040\004\223\004\113\004\073\004\113\004\074\004\070\000\040\004\066\004\060\004\243\004\060\004\073\004\113\004\223\004\113}{section.1}% 10
\BOOKMARK [2][-]{subsection.1.5}{\376\377\004\037\004\100\004\060\004\072\004\102\004\070\004\072\004\060\004\073\004\113\004\233\000\040\004\074\004\060\004\243\004\113\004\067\004\113}{section.1}% 11
\BOOKMARK [1][-]{section.2}{\376\377\004\330\004\064\004\126\004\101\004\102\004\065\004\100}{}% 12
\BOOKMARK [2][-]{subsection.2.1}{\376\377\004\024\004\065\004\100\004\065\004\072\004\102\004\065\004\100\000\040\004\072\004\351\004\067\004\064\004\065\004\100\004\126}{section.2}% 13
\BOOKMARK [2][-]{subsection.2.2}{\376\377\004\024\004\065\004\100\004\065\004\072\004\102\004\065\004\100\004\064\004\126\000\040\004\060\004\073\004\064\004\113\004\075\000\040\004\060\004\073\004\060\000\040\004\351\004\243\004\064\004\065\004\103}{section.2}% 14
\BOOKMARK [2][-]{subsection.2.3}{\376\377\000F\000e\000a\000t\000u\000r\000e\000\040\000e\000n\000g\000i\000n\000e\000e\000r\000i\000n\000g}{section.2}% 15
\BOOKMARK [2][-]{subsection.2.4}{\376\377\004\034\004\076\004\064\004\065\004\073\004\114\004\064\004\065\004\100}{section.2}% 16
\BOOKMARK [2][-]{subsection.2.5}{\376\377\004\055\004\072\004\101\004\077\004\065\004\100\004\070\004\074\004\065\004\075\004\102\000\040\004\064\004\070\004\067\004\060\004\071\004\075\004\113}{section.2}% 17
\BOOKMARK [1][-]{section.3}{\376\377\004\035\004\331\004\102\004\070\004\066\004\065\004\073\004\065\004\100}{}% 18
\BOOKMARK [2][-]{subsection.3.1}{\376\377\004\024\004\065\004\100\004\065\004\072\004\102\004\065\004\100\004\064\004\126\000\040\004\067\004\065\004\100\004\102\004\102\004\065\004\103\000\040\004\102\004\060\004\073\004\064\004\060\004\103\004\113\000\040\000\050\000E\000D\000A\000\051}{section.3}% 19
\BOOKMARK [2][-]{subsection.3.2}{\376\377\004\034\004\076\004\064\004\065\004\073\004\114\004\064\004\065\004\103\000\040\004\075\004\331\004\102\004\070\004\066\004\065\004\073\004\065\004\100\004\126}{section.3}% 20
\BOOKMARK [1][-]{section.4}{\376\377\004\042\004\060\004\073\004\233\004\113\004\073\004\060\004\103}{}% 21
\BOOKMARK [2][-]{subsection.4.1}{\376\377\004\035\004\331\004\102\004\070\004\066\004\065\004\073\004\065\004\100\004\064\004\126\000\040\004\070\004\075\004\102\004\065\004\100\004\077\004\100\004\065\004\102\004\060\004\106\004\070\004\117\004\073\004\060\004\103}{section.4}% 22
\BOOKMARK [2][-]{subsection.4.2}{\376\377\004\050\004\065\004\072\004\102\004\065\004\103\004\073\004\065\004\100}{section.4}% 23
\BOOKMARK [2][-]{subsection.4.3}{\376\377\004\037\004\100\004\060\004\072\004\102\004\070\004\072\004\060\004\073\004\113\004\233\000\040\004\261\004\101\004\113\004\075\004\113\004\101\004\102\004\060\004\100}{section.4}% 24
\BOOKMARK [2][-]{subsection.4.4}{\376\377\004\021\004\076\004\073\004\060\004\110\004\060\004\233\000\040\004\067\004\065\004\100\004\102\004\102\004\065\004\103\004\073\004\065\004\100}{section.4}% 25
\BOOKMARK [1][-]{section.5}{\376\377\004\232\004\076\004\100\004\113\004\102\004\113\004\075\004\064\004\113}{}% 26
\BOOKMARK [1][-]{appendix.A}{\376\377\004\023\004\070\004\077\004\065\004\100\004\077\004\060\004\100\004\060\004\074\004\065\004\102\004\100\004\073\004\065\004\100\000\040\004\072\004\065\004\101\004\102\004\065\004\101\004\126}{}% 27
\BOOKMARK [1][-]{appendix.B}{\376\377\004\034\004\065\004\102\004\100\004\070\004\072\004\060\004\073\004\060\004\100\004\064\004\113\004\243\000\040\004\060\004\075\004\113\004\233\004\102\004\060\004\074\004\060\004\073\004\060\004\100\004\113}{}% 28
